0 info it worked if it ends with ok
1 verbose cli [ '/home/toasty/.nodenv/versions/0.10.35/bin/node',
1 verbose cli   '/home/toasty/.nodenv/versions/0.10.35/bin/npm',
1 verbose cli   'install',
1 verbose cli   '--save-dev',
1 verbose cli   'angular-routes' ]
2 info using npm@1.4.28
3 info using node@v0.10.35
4 warn package.json may_6_express@0.1.0 No description
5 warn package.json may_6_express@0.1.0 No repository field.
6 warn package.json may_6_express@0.1.0 No README data
7 verbose readDependencies using package.json deps
8 verbose cache add [ 'angular-routes', null ]
9 verbose cache add name=undefined spec="angular-routes" args=["angular-routes",null]
10 verbose parsed url { protocol: null,
10 verbose parsed url   slashes: null,
10 verbose parsed url   auth: null,
10 verbose parsed url   host: null,
10 verbose parsed url   port: null,
10 verbose parsed url   hostname: null,
10 verbose parsed url   hash: null,
10 verbose parsed url   search: null,
10 verbose parsed url   query: null,
10 verbose parsed url   pathname: 'angular-routes',
10 verbose parsed url   path: 'angular-routes',
10 verbose parsed url   href: 'angular-routes' }
11 silly lockFile b38818f2-angular-routes angular-routes
12 verbose lock angular-routes /home/toasty/.npm/b38818f2-angular-routes.lock
13 silly lockFile b38818f2-angular-routes angular-routes
14 silly lockFile b38818f2-angular-routes angular-routes
15 verbose addNamed [ 'angular-routes', '' ]
16 verbose addNamed [ null, '*' ]
17 silly lockFile 3be17c2e-angular-routes angular-routes@
18 verbose lock angular-routes@ /home/toasty/.npm/3be17c2e-angular-routes.lock
19 silly addNameRange { name: 'angular-routes', range: '*', hasData: false }
20 verbose request where is /angular-routes
21 verbose request registry https://registry.npmjs.org/
22 verbose request id 00204757e41dea82
23 verbose url raw /angular-routes
24 verbose url resolving [ 'https://registry.npmjs.org/', './angular-routes' ]
25 verbose url resolved https://registry.npmjs.org/angular-routes
26 verbose request where is https://registry.npmjs.org/angular-routes
27 info trying registry request attempt 1 at 13:23:22
28 http GET https://registry.npmjs.org/angular-routes
29 http 404 https://registry.npmjs.org/angular-routes
30 verbose headers { server: 'CouchDB/1.5.0 (Erlang OTP/R16B03)',
30 verbose headers   'content-type': 'application/json',
30 verbose headers   'cache-control': 'max-age=0',
30 verbose headers   'content-length': '51',
30 verbose headers   'accept-ranges': 'bytes',
30 verbose headers   date: 'Thu, 04 Jun 2015 20:23:23 GMT',
30 verbose headers   via: '1.1 varnish',
30 verbose headers   age: '0',
30 verbose headers   connection: 'keep-alive',
30 verbose headers   'x-served-by': 'cache-lax1433-LAX',
30 verbose headers   'x-cache': 'MISS',
30 verbose headers   'x-cache-hits': '0',
30 verbose headers   'x-timer': 'S1433449403.008383,VS0,VE93' }
31 silly registry.get cb [ 404,
31 silly registry.get   { server: 'CouchDB/1.5.0 (Erlang OTP/R16B03)',
31 silly registry.get     'content-type': 'application/json',
31 silly registry.get     'cache-control': 'max-age=0',
31 silly registry.get     'content-length': '51',
31 silly registry.get     'accept-ranges': 'bytes',
31 silly registry.get     date: 'Thu, 04 Jun 2015 20:23:23 GMT',
31 silly registry.get     via: '1.1 varnish',
31 silly registry.get     age: '0',
31 silly registry.get     connection: 'keep-alive',
31 silly registry.get     'x-served-by': 'cache-lax1433-LAX',
31 silly registry.get     'x-cache': 'MISS',
31 silly registry.get     'x-cache-hits': '0',
31 silly registry.get     'x-timer': 'S1433449403.008383,VS0,VE93' } ]
32 silly lockFile 3be17c2e-angular-routes angular-routes@
33 silly lockFile 3be17c2e-angular-routes angular-routes@
34 error 404 404 Not Found: angular-routes
34 error 404
34 error 404 'angular-routes' is not in the npm registry.
34 error 404 You should bug the author to publish it
34 error 404 It was specified as a dependency of 'may_6_express'
34 error 404
34 error 404 Note that you can also install from a
34 error 404 tarball, folder, or http url, or git url.
35 error System Linux 4.0.1-1-ARCH
36 error command "/home/toasty/.nodenv/versions/0.10.35/bin/node" "/home/toasty/.nodenv/versions/0.10.35/bin/npm" "install" "--save-dev" "angular-routes"
37 error cwd /home/toasty/programming/codefellows/sea-d37/jun_4_angular_auth
38 error node -v v0.10.35
39 error npm -v 1.4.28
40 error code E404
41 verbose exit [ 1, true ]
